This is LuaHBTeX, Version 1.12.0 (MiKTeX 2.9.7440 64-bit)  (format=lualatex 2020.6.27)  27 JUN 2020 00:45
 restricted system commands enabled.
**header.tex
(./header.tex
LaTeX2e <2020-02-02> patch level 5
Lua module: luaotfload-main 2020-05-06 3.14 luaotfload entry point
Lua module: luaotfload-init 2020-05-06 3.14 luaotfload submodule / initializatio
n
Lua module: lualibs 2020-05-01 2.71 ConTeXt Lua standard libraries.
Lua module: lualibs-extended 2020-05-01 2.71 ConTeXt Lua libraries -- extended c
ollection.
Lua module: luaotfload-log 2020-05-06 3.14 luaotfload submodule / logging
Lua module: luaotfload-parsers 2020-05-06 3.14 luaotfload submodule / filelist
Lua module: luaotfload-configuration 2020-05-06 3.14 luaotfload submodule / conf
ig file reader
luaotfload | conf : Root cache directory is "C:/Users/renan/AppData/Local/MiKTeX
/2.9/luatex-cache/generic-dev/names".
luaotfload | init : Loading fontloader "fontloader-2020-05-06.lua" from kpse-res
olved path "C:/Program Files/MiKTeX 2.9/tex/luatex/luaotfload/fontloader-2020-05
-06.lua".
Lua-only attribute luaotfload@noligature = 1
Lua-only attribute luaotfload@syllabe = 2
luaotfload | init : Context OpenType loader version 0x1.8e353f7ced917p+1
Lua module: luaotfload-fallback 2020-05-06 3.14 luaotfload submodule / fallback
Lua module: luaotfload-multiscript 2020-05-06 3.14 luaotfload submodule / multis
cript
Lua module: luaotfload-script 2020-05-06 3.14 luaotfload submodule / Script help
ers
Inserting `luaotfload.node_processor' at position 1 in `pre_linebreak_filter'.
Inserting `luaotfload.node_processor' at position 1 in `hpack_filter'.
Lua module: luaotfload-loaders 2020-05-06 3.14 luaotfload submodule / callback h
andling
Inserting `luaotfload.define_font' at position 1 in `define_font'.
Lua module: luaotfload-database 2020-05-06 3.14 luaotfload submodule / database
Lua module: luaotfload-unicode 2020-05-06 3.14 luaotfload submodule / Unicode he
lpers
Lua module: luaotfload-colors 2020-05-06 3.14 luaotfload submodule / color
Lua-only attribute luaotfload_color_attribute = 3
Lua module: luaotfload-resolvers 2020-05-06 3.14 luaotfload submodule / resolver
s
luaotfload | conf : Root cache directory is "C:/Users/renan/AppData/Local/MiKTeX
/2.9/luatex-cache/generic-dev/names".
Lua module: luaotfload-features 2020-05-06 3.14 luaotfload submodule / features
Lua module: luaotfload-harf-define 2020-05-06 3.14 luaotfload submodule / databa
se
Inserting `luaotfload.harf.strip_prefix' at position 1 in `find_opentype_file'.
Inserting `luaotfload.harf.strip_prefix' at position 1 in `find_truetype_file'.
Lua module: luaotfload-harf-plug 2020-05-06 3.14 luaotfload submodule / database
Inserting `Harf pre_output_filter callback' at position 1 in `pre_output_filter'
.
Inserting `Harf wrapup_run callback' at position 1 in `wrapup_run'.
Inserting `Harf finish_pdffile callback' at position 1 in `finish_pdffile'.
Inserting `Harf glyph_info callback' at position 1 in `glyph_info'.
Lua module: luaotfload-letterspace 2020-05-06 3.14 luaotfload submodule / color
Lua module: luaotfload-embolden 2020-05-06 3.14 luaotfload submodule / color
Lua module: luaotfload-notdef 2020-05-06 3.14 luaotfload submodule / color
Lua module: luaotfload-suppress 2020-05-06 3.14 luaotfload submodule / suppress
Lua module: luaotfload-szss 2020-05-06 3.14 luaotfload submodule / color
Lua module: luaotfload-auxiliary 2020-05-06 3.14 luaotfload submodule / auxiliar
y functions
Inserting `luaotfload.aux.set_sscale_dimens' at position 1 in `luaotfload.patch_
font'.
Inserting `luaotfload.aux.set_font_index' at position 2 in `luaotfload.patch_fon
t'.
Inserting `luaotfload.aux.patch_cambria_domh' at position 3 in `luaotfload.patch
_font'.
Inserting `luaotfload.aux.fixup_fontdata' at position 1 in `luaotfload.patch_fon
t_unsafe'.
Inserting `luaotfload.aux.set_capheight' at position 4 in `luaotfload.patch_font
'.
Inserting `luaotfload.aux.set_xheight' at position 5 in `luaotfload.patch_font'.
Lua module: luaotfload-tounicode 2020-05-06 3.14 luaotfload submodule / tounicod
e
Inserting `luaotfload.rewrite_fontname' at position 6 in `luaotfload.patch_font'
. L3 programming layer <2020-05-15>

! LaTeX Error: Missing \begin{document}.

See the LaTeX manual or LaTeX Companion for explanation.
Type  H <return>  for immediate help.
 ...                                              
                                                  
l.1 \begin{center}
                
You're in trouble here.  Try typing  <return>  to proceed.
If that doesn't work, type  X <return>  to quit.


Overfull \hbox (20.0pt too wide) in paragraph at lines 1--1
[] 
 []


! LaTeX Error: Environment huge undefined.

See the LaTeX manual or LaTeX Companion for explanation.
Type  H <return>  for immediate help.
 ...                                              
                                                  
l.2 	\begin{huge}
               
Your command was ignored.
Type  I <command> <return>  to replace it with another command,
or  <return>  to continue without it.


! LaTeX Error: \begin{center} on input line 1 ended by \end{huge}.

See the LaTeX manual or LaTeX Companion for explanation.
Type  H <return>  for immediate help.
 ...                                              
                                                  
l.4 	\end{huge}
             \\\vspace{.3cm}
Your command was ignored.
Type  I <command> <return>  to replace it with another command,
or  <return>  to continue without it.


! LaTeX Error: Environment large undefined.

See the LaTeX manual or LaTeX Companion for explanation.
Type  H <return>  for immediate help.
 ...                                              
                                                  
l.5 	\begin{large}
                
Your command was ignored.
Type  I <command> <return>  to replace it with another command,
or  <return>  to continue without it.

luaotfload | db : Font names database loaded from C:/Users/renan/AppData/Local/M
iKTeX/2.9/luatex-cache/generic-dev/names/luaotfload-names.luc
LaTeX Font Info:    External font `cmex10' loaded for size
(Font)              <7> on input line 6.
LaTeX Font Info:    External font `cmex10' loaded for size
(Font)              <5> on input line 6.
! Undefined control sequence.
<argument> \small 
       {a}
l.6 ...2$^{\,\textbf{\underline{\small{a}}}}$, 2010}
                                                  
The control sequence at the end of the top line
of your error message was never \def'ed. If you have
misspelled it (e.g., `\hobx'), type `I' and the correct
spelling (e.g., `I\hbox'). Otherwise just continue,
and I'll forget about whatever was undefined.


Overfull \hbox (23.32pt too wide) in paragraph at lines 6--7
 []\TU/lmr/bx/n/10 R.C. 
 []


Overfull \hbox (17.19pt too wide) in paragraph at lines 6--7
 \TU/lmr/bx/n/10 HI- 
 []


Overfull \hbox (50.21999pt too wide) in paragraph at lines 6--7
 \TU/lmr/bx/n/10 BBELER, 
 []


Overfull \hbox (66.34001pt too wide) in paragraph at lines 6--7
 \TU/lmr/bx/n/10 DINÂMICA. 
 []


Overfull \hbox (65.84pt too wide) in paragraph at lines 6--7
 \TU/lmr/bx/n/10 MECÂNICA 
 []


Overfull \hbox (32.91pt too wide) in paragraph at lines 6--7
 \TU/lmr/bx/n/10 PARA 
 []


Overfull \hbox (20.39pt too wide) in paragraph at lines 6--7
 \TU/lmr/bx/n/10 EN- 
 []


Overfull \hbox (29.43pt too wide) in paragraph at lines 6--7
 \TU/lmr/bx/n/10 GEN- 
 []


Overfull \hbox (42.56001pt too wide) in paragraph at lines 6--7
 \TU/lmr/bx/n/10 HARIA, 
 []


Overfull \hbox (36.57pt too wide) in paragraph at lines 6--7
 \TU/lmr/bx/n/10 PEAR- 
 []


Overfull \hbox (27.22pt too wide) in paragraph at lines 6--7
 \TU/lmr/bx/n/10 SON; 
 []


Overfull \hbox (49.25pt too wide) in paragraph at lines 6--7
 \TU/lmr/bx/n/10 EDIÇÃO: 
 []


Overfull \hbox (22.14574pt too wide) in paragraph at lines 6--7
 \TU/lmr/bx/n/10 12$[][]$, 
 []


Overfull \hbox (23.0pt too wide) in paragraph at lines 6--7
 \TU/lmr/bx/n/10 2010 
 []

! Undefined control sequence.
l.8 		\href
         {https://github.com/renanGuedes10/FA470-1s2020}{\texttt{https://git...
The control sequence at the end of the top line
of your error message was never \def'ed. If you have
misspelled it (e.g., `\hobx'), type `I' and the correct
spelling (e.g., `I\hbox'). Otherwise just continue,
and I'll forget about whatever was undefined.


Overfull \hbox (204.75pt too wide) in paragraph at lines 8--8
 1s2020\TU/lmtt/m/n/10 https://github.com/renanGuedes10/FA470- 
 []


Overfull \hbox (31.5pt too wide) in paragraph at lines 8--8
 \TU/lmtt/m/n/10 1s2020 
 []


! LaTeX Error: \begin{center} on input line 1 ended by \end{large}.

See the LaTeX manual or LaTeX Companion for explanation.
Type  H <return>  for immediate help.
 ...                                              
                                                  
l.9 	\end{large}
              	
Your command was ignored.
Type  I <command> <return>  to replace it with another command,
or  <return>  to continue without it.


! LaTeX Error: Environment large undefined.

See the LaTeX manual or LaTeX Companion for explanation.
Type  H <return>  for immediate help.
 ...                                              
                                                  
l.13 \begin{large}
                
Your command was ignored.
Type  I <command> <return>  to replace it with another command,
or  <return>  to continue without it.

! Undefined control sequence.
l.15 	\large
          {\textbf{PAD: }\underline{Renan da Silva Guedes}}
The control sequence at the end of the top line
of your error message was never \def'ed. If you have
misspelled it (e.g., `\hobx'), type `I' and the correct
spelling (e.g., `I\hbox'). Otherwise just continue,
and I'll forget about whatever was undefined.


! LaTeX Error: \begin{document} ended by \end{large}.

See the LaTeX manual or LaTeX Companion for explanation.
Type  H <return>  for immediate help.
 ...                                              
                                                  
l.16 \end{large}
              
Your command was ignored.
Type  I <command> <return>  to replace it with another command,
or  <return>  to continue without it.


Overfull \hbox (20.0pt too wide) in paragraph at lines 12--17
[]
 []


Overfull \hbox (22.18001pt too wide) in paragraph at lines 12--17
\TU/lmr/bx/n/10 Pro-
 []


Overfull \hbox (17.15pt too wide) in paragraph at lines 12--17
\TU/lmr/bx/n/10 fes-
 []


Overfull \hbox (18.22pt too wide) in paragraph at lines 12--17
\TU/lmr/bx/n/10 sor:
 []


Overfull \hbox (27.6pt too wide) in paragraph at lines 12--17
\TU/lmr/bx/n/10 PAD:
 []


Overfull \hbox (20.0pt too wide) in paragraph at lines 18--18
[] 
 []

! Undefined control sequence.
l.19 	\chapternumber
                  {15}\\\vspace{.2cm}
The control sequence at the end of the top line
of your error message was never \def'ed. If you have
misspelled it (e.g., `\hobx'), type `I' and the correct
spelling (e.g., `I\hbox'). Otherwise just continue,
and I'll forget about whatever was undefined.

! Undefined control sequence.
l.20 	\chaptertitle
                 {Cinemática de uma partícula: Impulso e quantidade de mov...
The control sequence at the end of the top line
of your error message was never \def'ed. If you have
misspelled it (e.g., `\hobx'), type `I' and the correct
spelling (e.g., `I\hbox'). Otherwise just continue,
and I'll forget about whatever was undefined.

)
! Emergency stop.
<*> header.tex
           
*** (job aborted, no legal \end found)



Here is how much of LuaTeX's memory you used:
 28 strings out of 480883
 100000,319454 words of node,token memory allocated 4289 words of node memory still in use:
   46 hlist, 3 vlist, 3 rule, 8 disc, 8 local_par, 1 dir, 6 math, 136 glue, 14 k
ern, 26 penalty, 303 glyph, 39 attribute, 39 glue_spec, 39 attribute_list nodes
   avail lists: 1:1,2:5,4:9,5:10,7:9,8:4,10:8
 17762 multiletter control sequences out of 65536+200000
 36 fonts using 4006419 bytes
 20i,7n,15p,153b,167s stack positions out of 5000i,500n,10000p,200000b,50000s
!  ==> Fatal error occurred, no output PDF file produced!
