This is LuaHBTeX, Version 1.12.0 (MiKTeX 2.9.7420 64-bit)  (format=lualatex 2020.5.16)  3 JUN 2020 14:08
 restricted system commands enabled.
**main.tex
(./main.tex
LaTeX2e <2020-02-02> patch level 5
Lua module: luaotfload-main 2020-05-06 3.14 luaotfload entry point
Lua module: luaotfload-init 2020-05-06 3.14 luaotfload submodule / initializatio
n
Lua module: lualibs 2020-05-01 2.71 ConTeXt Lua standard libraries.
Lua module: lualibs-extended 2020-05-01 2.71 ConTeXt Lua libraries -- extended c
ollection.
Lua module: luaotfload-log 2020-05-06 3.14 luaotfload submodule / logging
Lua module: luaotfload-parsers 2020-05-06 3.14 luaotfload submodule / filelist
Lua module: luaotfload-configuration 2020-05-06 3.14 luaotfload submodule / conf
ig file reader
luaotfload | conf : Root cache directory is "C:/Users/renan/AppData/Local/MiKTeX
/2.9/luatex-cache/generic-dev/names".
luaotfload | init : Loading fontloader "fontloader-2020-05-06.lua" from kpse-res
olved path "D:/MikTex/tex/luatex/luaotfload/fontloader-2020-05-06.lua".
Lua-only attribute luaotfload@noligature = 1
Lua-only attribute luaotfload@syllabe = 2
luaotfload | init : Context OpenType loader version 0x1.8e353f7ced917p+1
Lua module: luaotfload-fallback 2020-05-06 3.14 luaotfload submodule / fallback
Lua module: luaotfload-multiscript 2020-05-06 3.14 luaotfload submodule / multis
cript
Lua module: luaotfload-script 2020-05-06 3.14 luaotfload submodule / Script help
ers
Inserting `luaotfload.node_processor' at position 1 in `pre_linebreak_filter'.
Inserting `luaotfload.node_processor' at position 1 in `hpack_filter'.
Lua module: luaotfload-loaders 2020-05-06 3.14 luaotfload submodule / callback h
andling
Inserting `luaotfload.define_font' at position 1 in `define_font'.
Lua module: luaotfload-database 2020-05-06 3.14 luaotfload submodule / database
Lua module: luaotfload-unicode 2020-05-06 3.14 luaotfload submodule / Unicode he
lpers
Lua module: luaotfload-colors 2020-05-06 3.14 luaotfload submodule / color
Lua-only attribute luaotfload_color_attribute = 3
Lua module: luaotfload-resolvers 2020-05-06 3.14 luaotfload submodule / resolver
s
luaotfload | conf : Root cache directory is "C:/Users/renan/AppData/Local/MiKTeX
/2.9/luatex-cache/generic-dev/names".
Lua module: luaotfload-features 2020-05-06 3.14 luaotfload submodule / features
Lua module: luaotfload-harf-define 2020-05-06 3.14 luaotfload submodule / databa
se
Inserting `luaotfload.harf.strip_prefix' at position 1 in `find_opentype_file'.
Inserting `luaotfload.harf.strip_prefix' at position 1 in `find_truetype_file'.
Lua module: luaotfload-harf-plug 2020-05-06 3.14 luaotfload submodule / database
Inserting `Harf pre_output_filter callback' at position 1 in `pre_output_filter'
.
Inserting `Harf wrapup_run callback' at position 1 in `wrapup_run'.
Inserting `Harf finish_pdffile callback' at position 1 in `finish_pdffile'.
Inserting `Harf glyph_info callback' at position 1 in `glyph_info'.
Lua module: luaotfload-letterspace 2020-05-06 3.14 luaotfload submodule / color
Lua module: luaotfload-embolden 2020-05-06 3.14 luaotfload submodule / color
Lua module: luaotfload-notdef 2020-05-06 3.14 luaotfload submodule / color
Lua module: luaotfload-suppress 2020-05-06 3.14 luaotfload submodule / suppress
Lua module: luaotfload-szss 2020-05-06 3.14 luaotfload submodule / color
Lua module: luaotfload-auxiliary 2020-05-06 3.14 luaotfload submodule / auxiliar
y functions
Inserting `luaotfload.aux.set_sscale_dimens' at position 1 in `luaotfload.patch_
font'.
Inserting `luaotfload.aux.set_font_index' at position 2 in `luaotfload.patch_fon
t'.
Inserting `luaotfload.aux.patch_cambria_domh' at position 3 in `luaotfload.patch
_font'.
Inserting `luaotfload.aux.fixup_fontdata' at position 1 in `luaotfload.patch_fon
t_unsafe'.
Inserting `luaotfload.aux.set_capheight' at position 4 in `luaotfload.patch_font
'.
Inserting `luaotfload.aux.set_xheight' at position 5 in `luaotfload.patch_font'.
Lua module: luaotfload-tounicode 2020-05-06 3.14 luaotfload submodule / tounicod
e
Inserting `luaotfload.rewrite_fontname' at position 6 in `luaotfload.patch_font'
. L3 programming layer <2020-05-11> (D:/MikTex/tex/latex/base/article.cls
Document Class: article 2019/12/20 v1.4l Standard LaTeX document class
(D:/MikTex/tex/latex/base/size12.clo
File: size12.clo 2019/12/20 v1.4l Standard LaTeX file (size option)
luaotfload | db : Font names database loaded from C:/Users/renan/AppData/Local/M
iKTeX/2.9/luatex-cache/generic-dev/names/luaotfload-names.luc)
\c@part=\count163
\c@section=\count164
\c@subsection=\count165
\c@subsubsection=\count166
\c@paragraph=\count167
\c@subparagraph=\count168
\c@figure=\count169
\c@table=\count170
\abovecaptionskip=\skip47
\belowcaptionskip=\skip48
\bibindent=\dimen134
) (./config.sty
Package: config 

(D:/MikTex/tex/latex/geometry/geometry.sty
Package: geometry 2020/01/02 v5.9 Page Geometry

(D:/MikTex/tex/latex/graphics/keyval.sty
Package: keyval 2014/10/28 v1.15 key=value parser (DPC)
\KV@toks@=\toks15
)
(D:/MikTex/tex/generic/iftex/ifvtex.sty
Package: ifvtex 2019/10/25 v1.7 ifvtex legacy package. Use iftex instead.
 (D:/MikTex/tex/generic/iftex/iftex.sty
Package: iftex 2020/03/06 v1.0d TeX engine tests
))
\Gm@cnth=\count171
\Gm@cntv=\count172
\c@Gm@tempcnt=\count173
\Gm@bindingoffset=\dimen135
\Gm@wd@mp=\dimen136
\Gm@odd@mp=\dimen137
\Gm@even@mp=\dimen138
\Gm@layoutwidth=\dimen139
\Gm@layoutheight=\dimen140
\Gm@layouthoffset=\dimen141
\Gm@layoutvoffset=\dimen142
\Gm@dimlist=\toks16
 (D:/MikTex/tex/latex/geometry/geometry.cfg))
(D:/MikTex/tex/generic/babel/babel.sty
Package: babel 2020/04/28 3.43 The Babel package
 (D:/MikTex/tex/generic/babel/babel.def
File: babel.def 2020/04/28 3.43 Babel common definitions

(D:/MikTex/tex/generic/babel/luababel.def
\bbl@readstream=\read2
\l@afrikaans=\language2
Package babel Info: Non-standard hyphenation setup on input line 117.
\l@ancientgreek=\language3
\l@armenian=\language4
\l@assamese=\language5
\l@basque=\language6
\l@belarusian=\language7
\l@bengali=\language8
\l@bokmal=\language9
\l@bulgarian=\language10
\l@catalan=\language11
\l@churchslavonic=\language12
\l@classiclatin=\language13
\l@coptic=\language14
\l@croatian=\language15
\l@czech=\language16
\l@danish=\language17
\l@dutch=\language18
\l@esperanto=\language19
\l@estonian=\language20
\l@ethiopic=\language21
\l@finnish=\language22
\l@french=\language23
\l@friulan=\language24
\l@galician=\language25
\l@georgian=\language26
\l@german=\language27
\l@greek=\language28
\l@gujarati=\language29
\l@hindi=\language30
\l@hungarian=\language31
\l@icelandic=\language32
\l@indonesian=\language33
\l@interlingua=\language34
\l@irish=\language35
\l@italian=\language36
\l@kannada=\language37
\l@kurmanji=\language38
\l@latin=\language39
\l@latvian=\language40
\l@lithuanian=\language41
\l@liturgicallatin=\language42
\l@malayalam=\language43
\l@marathi=\language44
\l@mongolian=\language45
\l@mongolianlmc=\language46
\l@monogreek=\language47
\l@ngerman=\language48
\l@nynorsk=\language49
\l@occitan=\language50
\l@oriya=\language51
\l@pali=\language52
\l@panjabi=\language53
\l@piedmontese=\language54
\l@polish=\language55
\l@portuguese=\language56
\l@romanian=\language57
\l@romansh=\language58
\l@russian=\language59
\l@sanskrit=\language60
\l@serbian=\language61
\l@serbianc=\language62
\l@slovak=\language63
\l@slovenian=\language64
\l@spanish=\language65
\l@swedish=\language66
\l@swissgerman=\language67
\l@tamil=\language68
\l@telugu=\language69
\l@thai=\language70
\l@turkish=\language71
\l@turkmen=\language72
\l@ukenglish=\language73
\l@ukrainian=\language74
\l@uppersorbian=\language75
\l@usenglishmax=\language76
\l@welsh=\language77
\babelcatcodetablenum=\catcodetable5
\bbl@pattcodes=\catcodetable6
)
\babel@savecnt=\count174
\U@D=\dimen143

(D:/MikTex/tex/generic/babel/luababel.def
\bbl@attr@locale=\attribute4
))
*************************************
* Local config file bblopts.cfg used
*
(D:/MikTex/tex/latex/arabi/bblopts.cfg
File: bblopts.cfg 2005/09/08 v0.1 add Arabic and Farsi to "declared" options of 
babel
)
(D:/MikTex/tex/latex/babel-portuges/portuguese.ldf
Language: portuges 2020/05/04 v1.2r Portuguese support from the babel system
Package babel Info: Making " an active character on input line 143.

(D:/MikTex/tex/generic/hyph-utf8/loadhyph/loadhyph-pt.tex
UTF-8 Portuguese hyphenation patterns
(D:/MikTex/tex/generic/hyph-utf8/patterns/tex/hyph-pt.tex))))
(D:/MikTex/tex/latex/base/inputenc.sty
Package: inputenc 2018/08/11 v1.3c Input encoding file
\inpenc@prehook=\toks17
\inpenc@posthook=\toks18


Package inputenc Warning: inputenc package ignored with utf8 based engines.

) (D:/MikTex/tex/latex/base/fontenc.sty
Package: fontenc 2020/02/11 v2.0o Standard LaTeX package
LaTeX Font Info:    Trying to load font information for T1+lmr on input line 112
.
 (D:/MikTex/tex/latex/lm/t1lmr.fd
File: t1lmr.fd 2009/10/30 v1.6 Font defs for Latin Modern
))
(D:/MikTex/tex/latex/amsfonts/amsfonts.sty
Package: amsfonts 2013/01/14 v3.01 Basic AMSFonts support
\@emptytoks=\toks19
\symAMSa=\mathgroup4
\symAMSb=\mathgroup5
LaTeX Font Info:    Redeclaring math symbol \hbar on input line 98.
LaTeX Font Info:    Overwriting math alphabet `\mathfrak' in version `bold'
(Font)                  U/euf/m/n --> U/euf/b/n on input line 106.
)
(D:/MikTex/tex/latex/amsmath/amsmath.sty
Package: amsmath 2020/01/20 v2.17e AMS math features
\@mathmargin=\skip49

For additional information on amsmath, use the `?' option.
(D:/MikTex/tex/latex/amsmath/amstext.sty
Package: amstext 2000/06/29 v2.01 AMS text

(D:/MikTex/tex/latex/amsmath/amsgen.sty
File: amsgen.sty 1999/11/30 v2.0 generic functions
\@emptytoks=\toks20
\ex@=\dimen144
))
(D:/MikTex/tex/latex/amsmath/amsbsy.sty
Package: amsbsy 1999/11/29 v1.2d Bold Symbols
\pmbraise@=\dimen145
)
(D:/MikTex/tex/latex/amsmath/amsopn.sty
Package: amsopn 2016/03/08 v2.02 operator names
)
\inf@bad=\count175
LaTeX Info: Redefining \frac on input line 227.
\uproot@=\count176
\leftroot@=\count177
LaTeX Info: Redefining \overline on input line 389.
\classnum@=\count178
\DOTSCASE@=\count179
LaTeX Info: Redefining \ldots on input line 486.
LaTeX Info: Redefining \dots on input line 489.
LaTeX Info: Redefining \cdots on input line 610.
\Mathstrutbox@=\box45
\strutbox@=\box46
\big@size=\dimen146
LaTeX Font Info:    Redeclaring font encoding OML on input line 733.
LaTeX Font Info:    Redeclaring font encoding OMS on input line 734.
\macc@depth=\count180
\c@MaxMatrixCols=\count181
\dotsspace@=\muskip16
\c@parentequation=\count182
\dspbrk@lvl=\count183
\tag@help=\toks21
\row@=\count184
\column@=\count185
\maxfields@=\count186
\andhelp@=\toks22
\eqnshift@=\dimen147
\alignsep@=\dimen148
\tagshift@=\dimen149
\tagwidth@=\dimen150
\totwidth@=\dimen151
\lineht@=\dimen152
\@envbody=\toks23
\multlinegap=\skip50
\multlinetaggap=\skip51
\mathdisplay@stack=\toks24
LaTeX Info: Redefining \[ on input line 2859.
LaTeX Info: Redefining \] on input line 2860.
)
(D:/MikTex/tex/latex/amsfonts/amssymb.sty
Package: amssymb 2013/01/14 v3.01 AMS font symbols
)
(D:/MikTex/tex/latex/siunitx/siunitx.sty
(D:/MikTex/tex/latex/l3kernel/expl3.sty
Package: expl3 2020-05-11 L3 programming layer (loader) 

(D:/MikTex/tex/latex/l3backend/l3backend-pdfmode.def
File: l3backend-pdfmode.def 2020-05-05 L3 backend support: PDF mode
\l__kernel_color_stack_int=\count187
\l__pdf_internal_box=\box47
))
(D:/MikTex/tex/latex/l3packages/xparse/xparse.sty
Package: xparse 2020-03-06 L3 Experimental document command parser
\l__xparse_current_arg_int=\count188
\g__xparse_grabber_int=\count189
\l__xparse_m_args_int=\count190
\l__xparse_v_nesting_int=\count191
)
Package: siunitx 2020/02/25 v2.8b A comprehensive (SI) units package

(D:/MikTex/tex/latex/tools/array.sty
Package: array 2019/08/31 v2.4l Tabular extension package (FMi)
\col@sep=\dimen153
\ar@mcellbox=\box48
\extrarowheight=\dimen154
\NC@list=\toks25
\extratabsurround=\skip52
\backup@length=\skip53
\ar@cellbox=\box49
)
(D:/MikTex/tex/latex/l3packages/l3keys2e/l3keys2e.sty
Package: l3keys2e 2020-03-06 LaTeX2e option processing using LaTeX3 keys
)
\l__siunitx_tmp_box=\box50
\l__siunitx_tmp_dim=\dimen155
\l__siunitx_tmp_int=\count192
\l__siunitx_number_mantissa_length_int=\count193
\l__siunitx_number_uncert_length_int=\count194
\l__siunitx_round_int=\count195
\l__siunitx_process_decimal_int=\count196
\l__siunitx_process_uncertainty_int=\count197
\l__siunitx_process_fixed_int=\count198
\l__siunitx_process_integer_min_int=\count199
\l__siunitx_process_precision_int=\count266
\l__siunitx_group_min_int=\count267
\l__siunitx_angle_marker_box=\box51
\l__siunitx_angle_unit_box=\box52
\l__siunitx_angle_marker_dim=\dimen156
\l__siunitx_angle_unit_dim=\dimen157
\l__siunitx_unit_int=\count268
\l__siunitx_unit_denominator_int=\count269
\l__siunitx_unit_numerator_int=\count270
\l__siunitx_unit_prefix_int=\count271
\l__siunitx_unit_prefix_base_int=\count272
\l__siunitx_unit_prefix_gram_int=\count273
\l__siunitx_number_product_int=\count274
\c__siunitx_one_fill_skip=\skip54
\l__siunitx_table_unit_align_skip=\skip55
\l__siunitx_table_exponent_dim=\dimen158
\l__siunitx_table_integer_dim=\dimen159
\l__siunitx_table_mantissa_dim=\dimen160
\l__siunitx_table_marker_dim=\dimen161
\l__siunitx_table_result_dim=\dimen162
\l__siunitx_table_uncert_dim=\dimen163
\l__siunitx_table_fill_pre_dim=\dimen164
\l__siunitx_table_fill_post_dim=\dimen165
\l__siunitx_table_fill_mid_dim=\dimen166
\l__siunitx_table_pre_box=\box53
\l__siunitx_table_post_box=\box54
\l__siunitx_table_mantissa_box=\box55
\l__siunitx_table_result_box=\box56
\l__siunitx_table_number_align_skip=\skip56
\l__siunitx_table_text_align_skip=\skip57

(D:/MikTex/tex/latex/translator/translator.sty
Package: translator 2019-05-31 v1.12a Easy translation of strings in LaTeX
))
(D:/MikTex/tex/latex/hyperref/hyperref.sty
Package: hyperref 2020/01/14 v7.00d Hypertext links for LaTeX

(D:/MikTex/tex/generic/ltxcmds/ltxcmds.sty
Package: ltxcmds 2019/12/15 v1.24 LaTeX kernel commands for general use (HO)
)
(D:/MikTex/tex/latex/pdftexcmds/pdftexcmds.sty
Package: pdftexcmds 2019/11/24 v0.31 Utility functions of pdfTeX for LuaTeX (HO)


(D:/MikTex/tex/generic/infwarerr/infwarerr.sty
Package: infwarerr 2019/12/03 v1.5 Providing info/warning/error messages (HO)
)
Package pdftexcmds Info: \pdf@primitive is available.
Package pdftexcmds Info: \pdf@ifprimitive is available.
Package pdftexcmds Info: \pdfdraftmode found.
\pdftexcmds@toks=\toks26
)
(D:/MikTex/tex/generic/kvsetkeys/kvsetkeys.sty
Package: kvsetkeys 2019/12/15 v1.18 Key value parser (HO)
)
(D:/MikTex/tex/generic/kvdefinekeys/kvdefinekeys.sty
Package: kvdefinekeys 2019-12-19 v1.6 Define keys (HO)
)
(D:/MikTex/tex/generic/pdfescape/pdfescape.sty
Package: pdfescape 2019/12/09 v1.15 Implements pdfTeX's escape features (HO)
)
(D:/MikTex/tex/latex/hycolor/hycolor.sty
Package: hycolor 2020-01-27 v1.10 Color options for hyperref/bookmark (HO)
)
(D:/MikTex/tex/latex/letltxmacro/letltxmacro.sty
Package: letltxmacro 2019/12/03 v1.6 Let assignment for LaTeX macros (HO)
)
(D:/MikTex/tex/latex/auxhook/auxhook.sty
Package: auxhook 2019-12-17 v1.6 Hooks for auxiliary files (HO)
)
(D:/MikTex/tex/latex/kvoptions/kvoptions.sty
Package: kvoptions 2019/11/29 v3.13 Key value format for package options (HO)
)
\@linkdim=\dimen167
\Hy@linkcounter=\count275
\Hy@pagecounter=\count276

(D:/MikTex/tex/latex/hyperref/pd1enc.def
File: pd1enc.def 2020/01/14 v7.00d Hyperref: PDFDocEncoding definition (HO)
)
(D:/MikTex/tex/generic/intcalc/intcalc.sty
Package: intcalc 2019/12/15 v1.3 Expandable calculations with integers (HO)
)
(D:/MikTex/tex/generic/etexcmds/etexcmds.sty
Package: etexcmds 2019/12/15 v1.7 Avoid name clashes with e-TeX commands (HO)
)
\Hy@SavedSpaceFactor=\count277
Package hyperref Info: Hyper figures OFF on input line 4547.
Package hyperref Info: Link nesting OFF on input line 4552.
Package hyperref Info: Hyper index ON on input line 4555.
Package hyperref Info: Plain pages OFF on input line 4562.
Package hyperref Info: Backreferencing OFF on input line 4567.
Package hyperref Info: Implicit mode ON; LaTeX internals redefined.
Package hyperref Info: Bookmarks ON on input line 4800.
\c@Hy@tempcnt=\count278
 (D:/MikTex/tex/latex/url/url.sty
\Urlmuskip=\muskip17
Package: url 2013/09/16  ver 3.4  Verb mode for urls, etc.
)
LaTeX Info: Redefining \url on input line 5159.
\XeTeXLinkMargin=\dimen168
(D:/MikTex/tex/generic/bitset/bitset.sty
Package: bitset 2019/12/09 v1.3 Handle bit-vector datatype (HO)

(D:/MikTex/tex/generic/bigintcalc/bigintcalc.sty
Package: bigintcalc 2019/12/15 v1.5 Expandable calculations on big integers (HO)

))
\Fld@menulength=\count279
\Field@Width=\dimen169
\Fld@charsize=\dimen170
Package hyperref Info: Hyper figures OFF on input line 6430.
Package hyperref Info: Link nesting OFF on input line 6435.
Package hyperref Info: Hyper index ON on input line 6438.
Package hyperref Info: backreferencing OFF on input line 6445.
Package hyperref Info: Link coloring OFF on input line 6450.
Package hyperref Info: Link coloring with OCG OFF on input line 6455.
Package hyperref Info: PDF/A mode OFF on input line 6460.
LaTeX Info: Redefining \ref on input line 6500.
LaTeX Info: Redefining \pageref on input line 6504.

(D:/MikTex/tex/generic/atbegshi/atbegshi.sty
Package: atbegshi 2019/12/05 v1.19 At begin shipout hook (HO)
)
\Hy@abspage=\count280
\c@Item=\count281
\c@Hfootnote=\count282
)
Package hyperref Info: Driver (autodetected): hluatex.

(D:/MikTex/tex/latex/hyperref/hluatex.def
File: hluatex.def 2020/01/14 v7.00d Hyperref driver for luaTeX

(D:/MikTex/tex/latex/hyperref/puenc.def
File: puenc.def 2020/01/14 v7.00d Hyperref: PDF Unicode definition (HO)
)
(D:/MikTex/tex/generic/stringenc/stringenc.sty
Package: stringenc 2019/11/29 v1.12 Convert strings between diff. encodings (HO)

)
(D:/MikTex/tex/latex/atveryend/atveryend.sty
Package: atveryend 2019-12-11 v1.11 Hooks at the very end of document (HO)
Package atveryend Info: \enddocument detected (standard20110627).
)
\Fld@listcount=\count283
\c@bookmark@seq@number=\count284

(D:/MikTex/tex/latex/rerunfilecheck/rerunfilecheck.sty
Package: rerunfilecheck 2019/12/05 v1.9 Rerun checks for auxiliary files (HO)

(D:/MikTex/tex/generic/uniquecounter/uniquecounter.sty
Package: uniquecounter 2019/12/15 v1.4 Provide unlimited unique counter (HO)
)
Package uniquecounter Info: New unique counter `rerunfilecheck' on input line 28
6.
)
\Hy@SectionHShift=\skip58
)
(D:/MikTex/tex/latex/graphics/graphicx.sty
Package: graphicx 2019/11/30 v1.2a Enhanced LaTeX Graphics (DPC,SPQR)

(D:/MikTex/tex/latex/graphics/graphics.sty
Package: graphics 2019/11/30 v1.4a Standard LaTeX Graphics (DPC,SPQR)

(D:/MikTex/tex/latex/graphics/trig.sty
Package: trig 2016/01/03 v1.10 sin cos tan (DPC)
)
(D:/MikTex/tex/latex/graphics-cfg/graphics.cfg
File: graphics.cfg 2016/06/04 v1.11 sample graphics configuration
)
Package graphics Info: Driver file: luatex.def on input line 105.

(D:/MikTex/tex/latex/graphics-def/luatex.def
File: luatex.def 2018/01/08 v1.0l Graphics/color driver for luatex
))
\Gin@req@height=\dimen171
\Gin@req@width=\dimen172
)
(D:/MikTex/tex/latex/xcolor/xcolor.sty
Package: xcolor 2016/05/11 v2.12 LaTeX color extensions (UK)

(D:/MikTex/tex/latex/graphics-cfg/color.cfg
File: color.cfg 2016/01/02 v1.6 sample color configuration
)
Package xcolor Info: Driver file: luatex.def on input line 225.
Package xcolor Info: Model `cmy' substituted by `cmy0' on input line 1348.
Package xcolor Info: Model `hsb' substituted by `rgb' on input line 1352.
Package xcolor Info: Model `RGB' extended on input line 1364.
Package xcolor Info: Model `HTML' substituted by `rgb' on input line 1366.
Package xcolor Info: Model `Hsb' substituted by `hsb' on input line 1367.
Package xcolor Info: Model `tHsb' substituted by `hsb' on input line 1368.
Package xcolor Info: Model `HSB' substituted by `hsb' on input line 1369.
Package xcolor Info: Model `Gray' substituted by `gray' on input line 1370.
Package xcolor Info: Model `wave' substituted by `hsb' on input line 1371.
))
(D:/MikTex/tex/latex/import/import.sty
Package: import 2020/04/01  v 6.2
) (./main.aux)
\openout1 = main.aux

LaTeX Font Info:    Checking defaults for OML/cmm/m/it on input line 5.
LaTeX Font Info:    ... okay on input line 5.
LaTeX Font Info:    Checking defaults for OMS/cmsy/m/n on input line 5.
LaTeX Font Info:    ... okay on input line 5.
LaTeX Font Info:    Checking defaults for OT1/cmr/m/n on input line 5.
LaTeX Font Info:    ... okay on input line 5.
LaTeX Font Info:    Checking defaults for T1/cmr/m/n on input line 5.
LaTeX Font Info:    ... okay on input line 5.
LaTeX Font Info:    Checking defaults for TS1/cmr/m/n on input line 5.
LaTeX Font Info:    Trying to load font information for TS1+cmr on input line 5.


(D:/MikTex/tex/latex/base/ts1cmr.fd
File: ts1cmr.fd 2019/12/16 v2.5j Standard LaTeX font definitions
)
LaTeX Font Info:    ... okay on input line 5.
LaTeX Font Info:    Checking defaults for TU/lmr/m/n on input line 5.
LaTeX Font Info:    ... okay on input line 5.
LaTeX Font Info:    Checking defaults for OMX/cmex/m/n on input line 5.
LaTeX Font Info:    ... okay on input line 5.
LaTeX Font Info:    Checking defaults for U/cmr/m/n on input line 5.
LaTeX Font Info:    ... okay on input line 5.
LaTeX Font Info:    Checking defaults for PD1/pdf/m/n on input line 5.
LaTeX Font Info:    ... okay on input line 5.
LaTeX Font Info:    Checking defaults for PU/pdf/m/n on input line 5.
LaTeX Font Info:    ... okay on input line 5.

*geometry* driver: auto-detecting
*geometry* detected driver: luatex
*geometry* verbose mode - [ preamble ] result:
* driver: luatex
* paper: a4paper
* layout: <same size as paper>
* layoutoffset:(h,v)=(0.0pt,0.0pt)
* modes: 
* h-part:(L,W,R)=(56.9055pt, 483.69687pt, 56.9055pt)
* v-part:(T,H,B)=(56.9055pt, 731.23584pt, 56.9055pt)
* \paperwidth=597.50787pt
* \paperheight=845.04684pt
* \textwidth=483.69687pt
* \textheight=731.23584pt
* \oddsidemargin=-15.36449pt
* \evensidemargin=-15.36449pt
* \topmargin=-52.36449pt
* \headheight=12.0pt
* \headsep=25.0pt
* \topskip=12.0pt
* \footskip=30.0pt
* \marginparwidth=35.0pt
* \marginparsep=10.0pt
* \columnsep=10.0pt
* \skip\footins=10.8pt plus 4.0pt minus 2.0pt
* \hoffset=0.0pt
* \voffset=0.0pt
* \mag=1000
* \@twocolumnfalse
* \@twosidefalse
* \@mparswitchfalse
* \@reversemarginfalse
* (1in=72.27pt=25.4mm, 1cm=28.453pt)

(D:/MikTex/tex/latex/translator/translator-basic-dictionary-English.dict
Dictionary: translator-basic-dictionary, Language: English 
)
(D:/MikTex/tex/latex/siunitx/siunitx-abbreviations.cfg
File: siunitx-abbreviations.cfg 2017/11/26 v2.7k siunitx: Abbreviated units
)
\AtBeginShipoutBox=\box57
Package hyperref Info: Link coloring OFF on input line 5.

(D:/MikTex/tex/latex/hyperref/nameref.sty
Package: nameref 2019/09/16 v2.46 Cross-referencing by name of section

(D:/MikTex/tex/latex/refcount/refcount.sty
Package: refcount 2019/12/15 v3.6 Data extraction from label references (HO)
)
(D:/MikTex/tex/generic/gettitlestring/gettitlestring.sty
Package: gettitlestring 2019/12/15 v1.6 Cleanup title references (HO)
)
\c@section@level=\count285
)
LaTeX Info: Redefining \ref on input line 5.
LaTeX Info: Redefining \pageref on input line 5.
LaTeX Info: Redefining \nameref on input line 5.
 (./main.out)
(./main.out)
\@outlinefile=\write3

\openout3 = main.out
 (D:/MikTex/tex/context/base/mkii/supp-pdf.mkii
[Loading MPS to PDF converter (version 2006.09.02).]
\scratchcounter=\count286
\scratchdimen=\dimen173
\scratchbox=\box58
\nofMPsegments=\count287
\nofMParguments=\count288
\everyMPshowfont=\toks27
\MPscratchCnt=\count289
\MPscratchDim=\dimen174
\MPnumerator=\count290
\makeMPintoPDFobject=\count291
\everyMPtoPDFconversion=\toks28
) (D:/MikTex/tex/latex/epstopdf-pkg/epstopdf-base.sty
Package: epstopdf-base 2020-01-24 v2.11 Base part for package epstopdf
Package epstopdf-base Info: Redefining graphics rule for `.eps' on input line 48
5.
)
LaTeX Font Info:    Trying to load font information for U+msa on input line 5.

(D:/MikTex/tex/latex/amsfonts/umsa.fd
File: umsa.fd 2013/01/14 v3.01 AMS symbols A
)
LaTeX Font Info:    Trying to load font information for U+msb on input line 5.
 (D:/MikTex/tex/latex/amsfonts/umsb.fd
File: umsb.fd 2013/01/14 v3.01 AMS symbols B
)
(./sections/header.tex
LaTeX Font Info:    Trying to load font information for T1+lmtt on input line 8.

 (D:/MikTex/tex/latex/lm/t1lmtt.fd
File: t1lmtt.fd 2009/10/30 v1.6 Font defs for Latin Modern
))
(./sections/questions-block.tex (./sections/questions/question-1.tex
(./sections/answers/answer-1.tex)
<images/draw_1.pdf, id=4, 308.62201pt x 194.20053pt>
File: images/draw_1.pdf Graphic file (type pdf)
<use images/draw_1.pdf>
Package luatex.def Info: images/draw_1.pdf  used on input line 7.
(luatex.def)             Requested size: 246.89793pt x 155.36063pt.
) (./sections/questions/question-7.tex
(./sections/answers/answer-7.tex)
<images/draw_7.pdf, id=5, 129.77182pt x 237.98311pt>
File: images/draw_7.pdf Graphic file (type pdf)
<use images/draw_7.pdf>
Package luatex.def Info: images/draw_7.pdf  used on input line 7.
(luatex.def)             Requested size: 168.70332pt x 309.378pt.
) (./sections/questions/question-4.tex
[1

{C:/Users/renan/AppData/Local/MiKTeX/2.9/pdftex/config/pdftex.map}<./images/draw
_1.pdf><./images/draw_7.pdf>] (./sections/answers/answer-4.tex)
<images/draw_4.pdf, id=51, 193.4969pt x 146.36081pt>
File: images/draw_4.pdf Graphic file (type pdf)
<use images/draw_4.pdf>
Package luatex.def Info: images/draw_4.pdf  used on input line 10.
(luatex.def)             Requested size: 232.19511pt x 175.63208pt.
)
(./sections/questions/question-2.tex (./sections/answers/answer-2.tex)
<images/draw_2.pdf, id=52, 285.02486pt x 183.0288pt>
File: images/draw_2.pdf Graphic file (type pdf)
<use images/draw_2.pdf>
Package luatex.def Info: images/draw_2.pdf  used on input line 8.
(luatex.def)             Requested size: 342.02809pt x 219.63342pt.
)
(./sections/questions/question-15.tex (./sections/answers/answer-15.tex))
[2<./images/draw_4.pdf><./images/draw_2.pdf>]
(./sections/questions/question-5.tex (./sections/answers/answer-5.tex)
<images/draw_5.pdf, id=102, 252.01553pt x 83.42065pt>
File: images/draw_5.pdf Graphic file (type pdf)
<use images/draw_5.pdf>
Package luatex.def Info: images/draw_5.pdf  used on input line 8.
(luatex.def)             Requested size: 302.41711pt x 100.10425pt.
)
(./sections/questions/question-6.tex (./sections/answers/answer-6.tex)
<images/draw_10.pdf, id=103, 287.79118pt x 101.64575pt>
File: images/draw_10.pdf Graphic file (type pdf)
<use images/draw_10.pdf>
Package luatex.def Info: images/draw_10.pdf  used on input line 7.
(luatex.def)             Requested size: 374.1285pt x 132.13945pt.
)
(./sections/questions/question-10.tex (./sections/answers/answer-10.tex)
<images/draw_13.pdf, id=104, 190.75266pt x 431.43785pt>
File: images/draw_13.pdf Graphic file (type pdf)
<use images/draw_13.pdf>
Package luatex.def Info: images/draw_13.pdf  used on input line 7.
(luatex.def)             Requested size: 228.90202pt x 517.72281pt.

[3<./images/draw_5.pdf><./images/draw_10.pdf>])
(./sections/questions/question-11.tex (./sections/answers/answer-11.tex)
<images/draw_14.pdf, id=145, 231.4256pt x 220.28096pt>
File: images/draw_14.pdf Graphic file (type pdf)
<use images/draw_14.pdf>
Package luatex.def Info: images/draw_14.pdf  used on input line 7.
(luatex.def)             Requested size: 300.85323pt x 286.3652pt.

[4<./images/draw_13.pdf>]) (./sections/questions/question-9.tex
(./sections/answers/answer-9.tex)
<images/draw_11.pdf, id=181, 165.14598pt x 161.30363pt>
File: images/draw_11.pdf Graphic file (type pdf)
<use images/draw_11.pdf>
Package luatex.def Info: images/draw_11.pdf  used on input line 7.
(luatex.def)             Requested size: 247.71835pt x 241.95483pt.
) (./sections/questions/question-3.tex
(./sections/answers/answer-3.tex)
<images/draw_3.pdf, id=182, 218.09279pt x 156.95337pt>
File: images/draw_3.pdf Graphic file (type pdf)
<use images/draw_3.pdf>
Package luatex.def Info: images/draw_3.pdf  used on input line 8.
(luatex.def)             Requested size: 283.52058pt x 204.03934pt.
 [5<./images/draw_14.pdf><./images/draw_11.pdf>]) (./sections/questions/questio
n-12.tex (./sections/answers/answer-12.tex)
<images/draw_12.pdf, id=238, 272.39969pt x 146.84361pt>
File: images/draw_12.pdf Graphic file (type pdf)
<use images/draw_12.pdf>
Package luatex.def Info: images/draw_12.pdf  used on input line 7.
(luatex.def)             Requested size: 326.87798pt x 176.21144pt.
)
(./sections/questions/question-13.tex (./sections/answers/answer-13.tex)
<images/draw_9.pdf, id=239, 190.06609pt x 97.28647pt>
File: images/draw_9.pdf Graphic file (type pdf)
<use images/draw_9.pdf>
Package luatex.def Info: images/draw_9.pdf  used on input line 9.
(luatex.def)             Requested size: 247.08588pt x 126.47237pt.
)
[6<./images/draw_3.pdf><./images/draw_12.pdf><./images/draw_9.pdf>]
(./sections/questions/question-14.tex (./sections/answers/answer-14.tex)
<images/draw_6.pdf, id=310, 214.75533pt x 169.87666pt>
File: images/draw_6.pdf Graphic file (type pdf)
<use images/draw_6.pdf>
Package luatex.def Info: images/draw_6.pdf  used on input line 7.
(luatex.def)             Requested size: 279.18185pt x 220.83961pt.
)
(./sections/questions/question-8.tex (./sections/answers/answer-8.tex)
<images/draw_8.pdf, id=311, 174.53706pt x 204.68771pt>
File: images/draw_8.pdf Graphic file (type pdf)
<use images/draw_8.pdf>
Package luatex.def Info: images/draw_8.pdf  used on input line 7.
(luatex.def)             Requested size: 226.89813pt x 266.09396pt.
))
Package atveryend Info: Empty hook `BeforeClearDocument' on input line 8.

[7<./images/draw_6.pdf><./images/draw_8.pdf>]
Package atveryend Info: Empty hook `AfterLastShipout' on input line 8.
 (./main.aux)
Package atveryend Info: Executing hook `AtVeryEndDocument' on input line 8.
Package atveryend Info: Executing hook `AtEndAfterFileList' on input line 8.
Package rerunfilecheck Info: File `main.out' has not changed.
(rerunfilecheck)             Checksum: D41D8CD98F00B204E9800998ECF8427E;0.
Package atveryend Info: Empty hook `AtVeryVeryEnd' on input line 8.
)

Here is how much of LuaTeX's memory you used:
 15639 strings out of 480895
 100000,552014 words of node,token memory allocated
 549 words of node memory still in use:
   7 hlist, 2 vlist, 2 rule, 5 glue, 4 kern, 1 glyph, 10 attribute, 57 glue_spec
, 7 attribute_list, 1 write nodes
   avail lists: 2:840,3:101,4:25,5:123,6:14,7:1813,8:28,9:181,10:13,11:138
 32146 multiletter control sequences out of 65536+200000
 98 fonts using 8137523 bytes
 44i,19n,55p,881b,968s stack positions out of 5000i,500n,10000p,200000b,50000s
{D:/MikTex/fonts/enc/dvips/lm/lm-ec.enc}<D:/MikTex/fonts/type1/public/amsfonts/c
m/cmex10.pfb><D:/MikTex/fonts/type1/public/amsfonts/cm/cmmi12.pfb><D:/MikTex/fon
ts/type1/public/amsfonts/cm/cmmi8.pfb><D:/MikTex/fonts/type1/public/amsfonts/cm/
cmr12.pfb><D:/MikTex/fonts/type1/public/amsfonts/cm/cmr8.pfb><D:/MikTex/fonts/ty
pe1/public/amsfonts/cm/cmsy10.pfb><D:/MikTex/fonts/type1/public/amsfonts/cm/cmsy
8.pfb><D:/MikTex/fonts/type1/public/lm/lmbx10.pfb><D:/MikTex/fonts/type1/public/
lm/lmbx12.pfb><D:/MikTex/fonts/type1/public/lm/lmr12.pfb><D:/MikTex/fonts/type1/
public/lm/lmr17.pfb><D:/MikTex/fonts/type1/public/lm/lmri12.pfb><D:/MikTex/fonts
/type1/public/lm/lmri8.pfb><D:/MikTex/fonts/type1/public/lm/lmtt12.pfb>
Output written on main.pdf (7 pages, 6665185 bytes).

PDF statistics: 406 PDF objects out of 1000 (max. 8388607)
 23 named destinations out of 1000 (max. 131072)
 1 words of extra memory for PDF output out of 10000 (max. 100000000)

